<?xml version="1.0" encoding="UTF-8"?>
<!-- Generated by org.testng.reporters.JUnitReportReporter -->
<testsuite hostname="LAPTOP-H91286KS" failures="0" tests="5" name="phase3project1.EndToEndTest" time="1.902" errors="0" timestamp="22 Sep 2024 15:12:54 GMT" skipped="0">
  <testcase classname="phase3project1.EndToEndTest" name="Test02_GetSingleEmployee" time="0.465"/>
  <testcase classname="phase3project1.EndToEndTest" name="Test04_DeleteEmployee" time="0.039"/>
  <testcase classname="phase3project1.EndToEndTest" name="Test01_GetAllEmployee" time="1.138"/>
  <testcase classname="phase3project1.EndToEndTest" name="Test05_TestDeletedEmployee" time="0.023"/>
  <testcase classname="phase3project1.EndToEndTest" name="Test03_CreateEmployee" time="0.237"/>
</testsuite> <!-- phase3project1.EndToEndTest -->
